# JRE version: OpenJDK Runtime Environment (11.0.8+10) (build 11.0.8+10-b944.6842174)
# Java VM: OpenJDK 64-Bit Server VM (11.0.8+10-b944.6842174, mixed mode, tiered, compressed oops, g1 gc, windows-amd64)
Heap:
 garbage-first heap   total 260096K, used 84076K [0x0000000080000000, 0x0000000100000000)
  region size 1024K, 14 young (14336K), 9 survivors (9216K)
 Metaspace       used 98118K, capacity 100953K, committed 101076K, reserved 1136640K
  class space    used 13082K, capacity 14117K, committed 14156K, reserved 1048576K
GC Heap History (20 events):
Event: 2.654 GC heap before
{Heap before GC invocations=4 (full 0):
 garbage-first heap   total 260096K, used 90062K [0x0000000080000000, 0x0000000100000000)
  region size 1024K, 74 young (75776K), 2 survivors (2048K)
 Metaspace       used 35046K, capacity 35803K, committed 35840K, reserved 1081344K
  class space    used 4557K, capacity 4854K, committed 4864K, reserved 1048576K
}
Event: 2.659 GC heap after
{Heap after GC invocations=5 (full 0):
 garbage-first heap   total 260096K, used 21121K [0x0000000080000000, 0x0000000100000000)
  region size 1024K, 6 young (6144K), 6 survivors (6144K)
 Metaspace       used 35046K, capacity 35803K, committed 35840K, reserved 1081344K
  class space    used 4557K, capacity 4854K, committed 4864K, reserved 1048576K
}
Event: 3.626 GC heap before
{Heap before GC invocations=6 (full 0):
 garbage-first heap   total 260096K, used 139905K [0x0000000080000000, 0x0000000100000000)
  region size 1024K, 119 young (121856K), 6 survivors (6144K)
 Metaspace       used 44318K, capacity 45342K, committed 45516K, reserved 1089536K
  class space    used 5684K, capacity 6069K, committed 6092K, reserved 1048576K
}
Event: 3.631 GC heap after
{Heap after GC invocations=7 (full 0):
 garbage-first heap   total 260096K, used 27086K [0x0000000080000000, 0x0000000100000000)
  region size 1024K, 12 young (12288K), 12 survivors (12288K)
 Metaspace       used 44318K, capacity 45342K, committed 45516K, reserved 1089536K
  class space    used 5684K, capacity 6069K, committed 6092K, reserved 1048576K
}
Event: 5.051 GC heap before
{Heap before GC invocations=7 (full 0):
 garbage-first heap   total 260096K, used 176590K [0x0000000080000000, 0x0000000100000000)
  region size 1024K, 152 young (155648K), 12 survivors (12288K)
 Metaspace       used 58497K, capacity 59939K, committed 60236K, reserved 1101824K
  class space    used 7428K, capacity 7936K, committed 8012K, reserved 1048576K
}
Event: 5.061 GC heap after
{Heap after GC invocations=8 (full 0):
 garbage-first heap   total 260096K, used 47252K [0x0000000080000000, 0x0000000100000000)
  region size 1024K, 19 young (19456K), 19 survivors (19456K)
 Metaspace       used 58497K, capacity 59939K, committed 60236K, reserved 1101824K
  class space    used 7428K, capacity 7936K, committed 8012K, reserved 1048576K
}
Event: 5.080 GC heap before
{Heap before GC invocations=8 (full 0):
 garbage-first heap   total 260096K, used 49300K [0x0000000080000000, 0x0000000100000000)
  region size 1024K, 22 young (22528K), 19 survivors (19456K)
 Metaspace       used 58698K, capacity 60131K, committed 60236K, reserved 1101824K
  class space    used 7441K, capacity 7936K, committed 8012K, reserved 1048576K
}
Event: 5.093 GC heap after
{Heap after GC invocations=9 (full 0):
 garbage-first heap   total 260096K, used 49321K [0x0000000080000000, 0x0000000100000000)
  region size 1024K, 2 young (2048K), 2 survivors (2048K)
 Metaspace       used 58698K, capacity 60131K, committed 60236K, reserved 1101824K
  class space    used 7441K, capacity 7936K, committed 8012K, reserved 1048576K
}
Event: 6.151 GC heap before
{Heap before GC invocations=10 (full 0):
 garbage-first heap   total 260096K, used 133289K [0x0000000080000000, 0x0000000100000000)
  region size 1024K, 84 young (86016K), 2 survivors (2048K)
 Metaspace       used 66040K, capacity 67530K, committed 67788K, reserved 1107968K
  class space    used 8558K, capacity 9074K, committed 9164K, reserved 1048576K
}
Event: 6.156 GC heap after
{Heap after GC invocations=11 (full 0):
 garbage-first heap   total 260096K, used 53612K [0x0000000080000000, 0x0000000100000000)
  region size 1024K, 7 young (7168K), 7 survivors (7168K)
 Metaspace       used 66040K, capacity 67530K, committed 67788K, reserved 1107968K
  class space    used 8558K, capacity 9074K, committed 9164K, reserved 1048576K
}
Event: 7.143 GC heap before
{Heap before GC invocations=11 (full 0):
 garbage-first heap   total 260096K, used 145772K [0x0000000080000000, 0x0000000100000000)
  region size 1024K, 97 young (99328K), 7 survivors (7168K)
 Metaspace       used 74929K, capacity 76626K, committed 76748K, reserved 1116160K
  class space    used 9807K, capacity 10416K, committed 10444K, reserved 1048576K
}
Event: 7.149 GC heap after
{Heap after GC invocations=12 (full 0):
 garbage-first heap   total 260096K, used 59167K [0x0000000080000000, 0x0000000100000000)
  region size 1024K, 12 young (12288K), 12 survivors (12288K)
 Metaspace       used 74929K, capacity 76626K, committed 76748K, reserved 1116160K
  class space    used 9807K, capacity 10416K, committed 10444K, reserved 1048576K
}
Event: 7.792 GC heap before
{Heap before GC invocations=12 (full 0):
 garbage-first heap   total 260096K, used 156447K [0x0000000080000000, 0x0000000100000000)
  region size 1024K, 108 young (110592K), 12 survivors (12288K)
 Metaspace       used 79153K, capacity 81264K, committed 81612K, reserved 1120256K
  class space    used 10320K, capacity 11096K, committed 11212K, reserved 1048576K
}
Event: 7.800 GC heap after
{Heap after GC invocations=13 (full 0):
 garbage-first heap   total 260096K, used 65524K [0x0000000080000000, 0x0000000100000000)
  region size 1024K, 12 young (12288K), 12 survivors (12288K)
 Metaspace       used 79153K, capacity 81264K, committed 81612K, reserved 1120256K
  class space    used 10320K, capacity 11096K, committed 11212K, reserved 1048576K
}
Event: 8.363 GC heap before
{Heap before GC invocations=13 (full 0):
 garbage-first heap   total 260096K, used 168948K [0x0000000080000000, 0x0000000100000000)
  region size 1024K, 113 young (115712K), 12 survivors (12288K)
 Metaspace       used 84135K, capacity 86242K, committed 86476K, reserved 1124352K
  class space    used 10940K, capacity 11690K, committed 11724K, reserved 1048576K
}
Event: 8.371 GC heap after
{Heap after GC invocations=14 (full 0):
 garbage-first heap   total 260096K, used 70976K [0x0000000080000000, 0x0000000100000000)
  region size 1024K, 12 young (12288K), 12 survivors (12288K)
 Metaspace       used 84135K, capacity 86242K, committed 86476K, reserved 1124352K
  class space    used 10940K, capacity 11690K, committed 11724K, reserved 1048576K
}
Event: 14.492 GC heap before
{Heap before GC invocations=14 (full 0):
 garbage-first heap   total 260096K, used 176448K [0x0000000080000000, 0x0000000100000000)
  region size 1024K, 116 young (118784K), 12 survivors (12288K)
 Metaspace       used 90122K, capacity 92631K, committed 92876K, reserved 1130496K
  class space    used 11827K, capacity 12706K, committed 12748K, reserved 1048576K
}
Event: 14.501 GC heap after
{Heap after GC invocations=15 (full 0):
 garbage-first heap   total 260096K, used 76399K [0x0000000080000000, 0x0000000100000000)
  region size 1024K, 12 young (12288K), 12 survivors (12288K)
 Metaspace       used 90122K, capacity 92631K, committed 92876K, reserved 1130496K
  class space    used 11827K, capacity 12706K, committed 12748K, reserved 1048576K
}
Event: 15.112 GC heap before
{Heap before GC invocations=15 (full 0):
 garbage-first heap   total 260096K, used 125551K [0x0000000080000000, 0x0000000100000000)
  region size 1024K, 62 young (63488K), 12 survivors (12288K)
 Metaspace       used 97883K, capacity 100726K, committed 100820K, reserved 1136640K
  class space    used 13059K, capacity 14074K, committed 14156K, reserved 1048576K
}
Event: 15.126 GC heap after
{Heap after GC invocations=16 (full 0):
 garbage-first heap   total 260096K, used 79980K [0x0000000080000000, 0x0000000100000000)
  region size 1024K, 9 young (9216K), 9 survivors (9216K)
 Metaspace       used 97883K, capacity 100726K, committed 100820K, reserved 1136640K
  class space    used 13059K, capacity 14074K, committed 14156K, reserved 1048576K
}

